<?xml version="1.0" encoding="UTF-8"?>
<testng-results skipped="0" failed="0" ignored="0" total="1" passed="1">
  <reporter-output>
  </reporter-output>
  <suite name="Default suite" duration-ms="24957" started-at="2021-02-05T12:14:07 CET" finished-at="2021-02-05T12:14:32 CET">
    <groups>
    </groups>
    <test name="Default test" duration-ms="24957" started-at="2021-02-05T12:14:07 CET" finished-at="2021-02-05T12:14:32 CET">
      <class name="tools.testTools">
        <test-method status="PASS" signature="beforeClass()[pri:0, instance:tools.testTools@131276c2]" name="beforeClass" is-config="true" duration-ms="1424" started-at="2021-02-05T12:14:07 CET" finished-at="2021-02-05T12:14:08 CET">
          <reporter-output>
          </reporter-output>
        </test-method> <!-- beforeClass -->
        <test-method status="PASS" signature="setup()[pri:0, instance:tools.testTools@131276c2]" name="setup" is-config="true" duration-ms="3764" started-at="2021-02-05T12:14:08 CET" finished-at="2021-02-05T12:14:12 CET">
          <reporter-output>
          </reporter-output>
        </test-method> <!-- setup -->
        <test-method status="PASS" signature="login()[pri:0, instance:tools.testTools@131276c2]" name="login" duration-ms="17001" started-at="2021-02-05T12:14:12 CET" finished-at="2021-02-05T12:14:29 CET">
          <reporter-output>
          </reporter-output>
        </test-method> <!-- login -->
        <test-method status="PASS" signature="afterTest()[pri:0, instance:tools.testTools@131276c2]" name="afterTest" is-config="true" duration-ms="2646" started-at="2021-02-05T12:14:29 CET" finished-at="2021-02-05T12:14:31 CET">
          <reporter-output>
          </reporter-output>
        </test-method> <!-- afterTest -->
        <test-method status="PASS" signature="afterClass()[pri:0, instance:tools.testTools@131276c2]" name="afterClass" is-config="true" duration-ms="62" started-at="2021-02-05T12:14:31 CET" finished-at="2021-02-05T12:14:32 CET">
          <reporter-output>
          </reporter-output>
        </test-method> <!-- afterClass -->
      </class> <!-- tools.testTools -->
    </test> <!-- Default test -->
  </suite> <!-- Default suite -->
</testng-results>
